<?xml version="1.0" encoding="UTF-8"?>
<testsuite xmlns:xsi="http://www.w3.org/2001/XMLSchema-instance" xsi:noNamespaceSchemaLocation="https://maven.apache.org/surefire/maven-surefire-plugin/xsd/surefire-test-report.xsd" name="com.example.SWAPI.service.SwApiServiceTest" time="4.255" tests="2" errors="0" skipped="0" failures="0">
  <properties>
[...]
</properties>
  <testcase name="testGetAll" classname="com.example.SWAPI.service.SwApiServiceTest" time="2.229"/>
  <testcase name="testSearch" classname="com.example.SWAPI.service.SwApiServiceTest" time="0.282"/>
</testsuite>